#
# There is insufficient memory for the Java Runtime Environment to continue.
# Native memory allocation (malloc) failed to allocate 1795056 bytes for Chunk::new
# Possible reasons:
#   The system is out of physical RAM or swap space
#   The process is running with CompressedOops enabled, and the Java Heap may be blocking the growth of the native heap
# Possible solutions:
#   Reduce memory load on the system
#   Increase physical memory or swap space
#   Check if swap backing store is full
#   Decrease Java heap size (-Xmx/-Xms)
#   Decrease number of Java threads
#   Decrease Java thread stack sizes (-Xss)
#   Set larger code cache with -XX:ReservedCodeCacheSize=
#   JVM is running with Unscaled Compressed Oops mode in which the Java heap is
#     placed in the first 4GB address space. The Java Heap base address is the
#     maximum limit for the native heap growth. Please use -XX:HeapBaseMinAddress
#     to set the Java Heap base and to place the Java Heap above 4GB virtual address.
# This output file may be truncated or incomplete.
#
#  Out of Memory Error (./src/hotspot/share/memory/arena.cpp:197), pid=7720, tid=12076
#
# JRE version: OpenJDK Runtime Environment (11.0.13) (build 11.0.13+0-b1751.21-8125866)
# Java VM: OpenJDK 64-Bit Server VM (11.0.13+0-b1751.21-8125866, mixed mode, tiered, compressed oops, g1 gc, windows-amd64)
# No core dump will be written. Minidumps are not enabled by default on client versions of Windows
#

---------------  S U M M A R Y ------------

Command Line: --add-opens=java.base/java.util=ALL-UNNAMED --add-opens=java.base/java.lang=ALL-UNNAMED --add-opens=java.base/java.lang.invoke=ALL-UNNAMED --add-opens=java.prefs/java.util.prefs=ALL-UNNAMED -Xmx1536m -Dfile.encoding=windows-1252 -Duser.country=US -Duser.language=en -Duser.variant org.gradle.launcher.daemon.bootstrap.GradleDaemon 6.1.1

Host: Intel(R) Core(TM) i3 CPU       M 370  @ 2.40GHz, 4 cores, 7G,  Windows 10 , 64 bit Build 19041 (10.0.19041.2364)
Time: Fri Jan  6 20:12:05 2023 Egypt Standard Time elapsed time: 40.063196 seconds (0d 0h 0m 40s)

---------------  T H R E A D  ---------------

Current thread (0x00000275b3d3f800):  JavaThread "C2 CompilerThread0" daemon [_thread_in_native, id=12076, stack(0x000000b488400000,0x000000b488500000)]


Current CompileTask:
C2:  40063 7780 %     4       org.gradle.internal.instantiation.generator.AbstractClassGenerator::inspectType @ 387 (559 bytes)

Stack: [0x000000b488400000,0x000000b488500000]
Native frames: (J=compiled Java code, j=interpreted, Vv=VM code, C=native code)
V  [jvm.dll+0x6100fa]
V  [jvm.dll+0x747090]
V  [jvm.dll+0x7486ad]
V  [jvm.dll+0x748d83]
V  [jvm.dll+0x24ab48]
V  [jvm.dll+0xc04dc]
V  [jvm.dll+0xc0a0c]
V  [jvm.dll+0x35eb9d]
V  [jvm.dll+0x32b833]
V  [jvm.dll+0x32ad2a]
V  [jvm.dll+0x2032b2]
V  [jvm.dll+0x202437]
V  [jvm.dll+0x188e01]
V  [jvm.dll+0x21106b]
V  [jvm.dll+0x20f8c1]
V  [jvm.dll+0x70de0f]
V  [jvm.dll+0x706a75]
V  [jvm.dll+0x60ed66]
C  [ucrtbase.dll+0x21bb2]
C  [KERNEL32.DLL+0x17614]
C  [ntdll.dll+0x526a1]


---------------  P R O C E S S  ---------------

Threads class SMR info:
_java_thread_list=0x00000275bad7a100, length=36, elements={
0x000002759acea000, 0x00000275b3d18000, 0x00000275b3d21800, 0x00000275b3d33800,
0x00000275b3d34800, 0x00000275b3d3b000, 0x00000275b3d3f800, 0x00000275b3d4b000,
0x00000275b3d4d000, 0x00000275b4800000, 0x00000275b47fd800, 0x00000275b47ff800,
0x00000275b47fe800, 0x00000275b47fc000, 0x00000275b4801000, 0x00000275b47fb000,
0x00000275b4801800, 0x00000275b47fd000, 0x00000275b69b6800, 0x00000275b69ba000,
0x00000275b69b7800, 0x00000275b69ba800, 0x00000275b69b5800, 0x00000275b69bd000,
0x00000275b69be000, 0x00000275b69bb800, 0x00000275b69b8000, 0x00000275b69be800,
0x00000275b69bf800, 0x00000275b69c0800, 0x00000275b69c1000, 0x00000275b69c2000,
0x00000275b69bc000, 0x00000275b69c4800, 0x00000275b69c3000, 0x00000275b69c3800
}

Java Threads: ( => current thread )
  0x000002759acea000 JavaThread "main" [_thread_blocked, id=10036, stack(0x000000b487800000,0x000000b487900000)]
  0x00000275b3d18000 JavaThread "Reference Handler" daemon [_thread_blocked, id=12348, stack(0x000000b487f00000,0x000000b488000000)]
  0x00000275b3d21800 JavaThread "Finalizer" daemon [_thread_blocked, id=9996, stack(0x000000b488000000,0x000000b488100000)]
  0x00000275b3d33800 JavaThread "Signal Dispatcher" daemon [_thread_blocked, id=12856, stack(0x000000b488100000,0x000000b488200000)]
  0x00000275b3d34800 JavaThread "Attach Listener" daemon [_thread_blocked, id=1736, stack(0x000000b488200000,0x000000b488300000)]
  0x00000275b3d3b000 JavaThread "Service Thread" daemon [_thread_blocked, id=12984, stack(0x000000b488300000,0x000000b488400000)]
=>0x00000275b3d3f800 JavaThread "C2 CompilerThread0" daemon [_thread_in_native, id=12076, stack(0x000000b488400000,0x000000b488500000)]
  0x00000275b3d4b000 JavaThread "C1 CompilerThread0" daemon [_thread_blocked, id=11340, stack(0x000000b488500000,0x000000b488600000)]
  0x00000275b3d4d000 JavaThread "Sweeper thread" daemon [_thread_blocked, id=11012, stack(0x000000b488600000,0x000000b488700000)]
  0x00000275b4800000 JavaThread "Common-Cleaner" daemon [_thread_blocked, id=2608, stack(0x000000b488700000,0x000000b488800000)]
  0x00000275b47fd800 JavaThread "Daemon health stats" [_thread_blocked, id=12616, stack(0x000000b488c00000,0x000000b488d00000)]
  0x00000275b47ff800 JavaThread "Incoming local TCP Connector on port 51308" [_thread_in_native, id=8592, stack(0x000000b488900000,0x000000b488a00000)]
  0x00000275b47fe800 JavaThread "Daemon periodic checks" [_thread_blocked, id=4984, stack(0x000000b488d00000,0x000000b488e00000)]
  0x00000275b47fc000 JavaThread "Daemon" [_thread_blocked, id=11704, stack(0x000000b488e00000,0x000000b488f00000)]
  0x00000275b4801000 JavaThread "Handler for socket connection from /127.0.0.1:51308 to /127.0.0.1:51309" [_thread_in_native, id=13132, stack(0x000000b488f00000,0x000000b489000000)]
  0x00000275b47fb000 JavaThread "Cancel handler" [_thread_blocked, id=4280, stack(0x000000b489000000,0x000000b489100000)]
  0x00000275b4801800 JavaThread "Daemon worker" [_thread_in_native, id=12320, stack(0x000000b489100000,0x000000b489200000)]
  0x00000275b47fd000 JavaThread "Asynchronous log dispatcher for DefaultDaemonConnection: socket connection from /127.0.0.1:51308 to /127.0.0.1:51309" [_thread_blocked, id=6740, stack(0x000000b489200000,0x000000b489300000)]
  0x00000275b69b6800 JavaThread "Stdin handler" [_thread_blocked, id=8608, stack(0x000000b489300000,0x000000b489400000)]
  0x00000275b69ba000 JavaThread "Thread-8" [_thread_blocked, id=2732, stack(0x000000b489400000,0x000000b489500000)]
  0x00000275b69b7800 JavaThread "Cache worker for journal cache (C:\Users\Mido\.gradle\caches\journal-1)" [_thread_blocked, id=4352, stack(0x000000b489600000,0x000000b489700000)]
  0x00000275b69ba800 JavaThread "File lock request listener" [_thread_in_native, id=772, stack(0x000000b489700000,0x000000b489800000)]
  0x00000275b69b5800 JavaThread "Cache worker for file hash cache (C:\Users\Mido\.gradle\caches\6.1.1\fileHashes)" [_thread_blocked, id=8632, stack(0x000000b489800000,0x000000b489900000)]
  0x00000275b69bd000 JavaThread "Cache worker for checksums cache (F:\Project 4 Starter\Project 4 Starter\.gradle\checksums)" [_thread_blocked, id=8548, stack(0x000000b489a00000,0x000000b489b00000)]
  0x00000275b69be000 JavaThread "Cache worker for file hash cache (F:\Project 4 Starter\Project 4 Starter\.gradle\6.1.1\fileHashes)" [_thread_blocked, id=12688, stack(0x000000b489b00000,0x000000b489c00000)]
  0x00000275b69bb800 JavaThread "Cache worker for cache directory md-supplier (C:\Users\Mido\.gradle\caches\6.1.1\md-supplier)" [_thread_blocked, id=9492, stack(0x000000b489900000,0x000000b489a00000)]
  0x00000275b69b8000 JavaThread "Cache worker for cache directory md-rule (C:\Users\Mido\.gradle\caches\6.1.1\md-rule)" [_thread_blocked, id=12924, stack(0x000000b489c00000,0x000000b489d00000)]
  0x00000275b69be800 JavaThread "Cache worker for execution history cache (C:\Users\Mido\.gradle\caches\6.1.1\executionHistory)" [_thread_blocked, id=9032, stack(0x000000b489d00000,0x000000b489e00000)]
  0x00000275b69bf800 JavaThread "Build operations" [_thread_blocked, id=12200, stack(0x000000b489e00000,0x000000b489f00000)]
  0x00000275b69c0800 JavaThread "Build operations Thread 2" [_thread_blocked, id=4836, stack(0x000000b489f00000,0x000000b48a000000)]
  0x00000275b69c1000 JavaThread "Build operations Thread 3" [_thread_blocked, id=12484, stack(0x000000b48a000000,0x000000b48a100000)]
  0x00000275b69c2000 JavaThread "Build operations Thread 4" [_thread_blocked, id=12020, stack(0x000000b48a100000,0x000000b48a200000)]
  0x00000275b69bc000 JavaThread "Cache worker for Build Output Cleanup Cache (F:\Project 4 Starter\Project 4 Starter\.gradle\buildOutputCleanup)" [_thread_blocked, id=12864, stack(0x000000b48a200000,0x000000b48a300000)]
  0x00000275b69c4800 JavaThread "Memory manager" [_thread_blocked, id=4124, stack(0x000000b48a300000,0x000000b48a400000)]
  0x00000275b69c3000 JavaThread "Cache worker for file content cache (C:\Users\Mido\.gradle\caches\6.1.1\fileContent)" [_thread_blocked, id=12788, stack(0x000000b48a600000,0x000000b48a700000)]
  0x00000275b69c3800 JavaThread "Cache worker for file content cache (F:\Project 4 Starter\Project 4 Starter\.gradle\6.1.1\fileContent)" [_thread_blocked, id=12416, stack(0x000000b48a700000,0x000000b48a800000)]

Other Threads:
  0x00000275b3cf1000 VMThread "VM Thread" [stack: 0x000000b487e00000,0x000000b487f00000] [id=11760]
  0x00000275b4827000 WatcherThread [stack: 0x000000b488800000,0x000000b488900000] [id=9972]
  0x000002759ad02800 GCTaskThread "GC Thread#0" [stack: 0x000000b487900000,0x000000b487a00000] [id=7332]
  0x00000275b4b78800 GCTaskThread "GC Thread#1" [stack: 0x000000b488a00000,0x000000b488b00000] [id=7904]
  0x00000275b4e93800 GCTaskThread "GC Thread#2" [stack: 0x000000b488b00000,0x000000b488c00000] [id=6832]
  0x00000275b5dd3000 GCTaskThread "GC Thread#3" [stack: 0x000000b489500000,0x000000b489600000] [id=4896]
  0x000002759ad29000 ConcurrentGCThread "G1 Main Marker" [stack: 0x000000b487a00000,0x000000b487b00000] [id=12160]
  0x000002759ad2c800 ConcurrentGCThread "G1 Conc#0" [stack: 0x000000b487b00000,0x000000b487c00000] [id=13208]
  0x000002759adba000 ConcurrentGCThread "G1 Refine#0" [stack: 0x000000b487c00000,0x000000b487d00000] [id=9612]
  0x000002759adbb000 ConcurrentGCThread "G1 Young RemSet Sampling" [stack: 0x000000b487d00000,0x000000b487e00000] [id=12260]

Threads with active compile tasks:
C2 CompilerThread0  40236 7780 %     4       org.gradle.internal.instantiation.generator.AbstractClassGenerator::inspectType @ 387 (559 bytes)

VM state:not at safepoint (normal execution)

VM Mutex/Monitor currently owned by a thread: None

Heap address: 0x00000000a0000000, size: 1536 MB, Compressed Oops mode: 32-bit
Narrow klass base: 0x0000000000000000, Narrow klass shift: 3
Compressed class space size: 1073741824 Address: 0x0000000100000000

Heap:
 garbage-first heap   total 155648K, used 85985K [0x00000000a0000000, 0x0000000100000000)
  region size 1024K, 9 young (9216K), 7 survivors (7168K)
 Metaspace       used 73897K, capacity 75647K, committed 75868K, reserved 1116160K
  class space    used 9397K, capacity 10004K, committed 10112K, reserved 1048576K
Heap Regions: E=young(eden), S=young(survivor), O=old, HS=humongous(starts), HC=humongous(continues), CS=collection set, F=free, A=archive, TAMS=top-at-mark-start (previous, next)
|   0|0x00000000a0000000, 0x00000000a0100000, 0x00000000a0100000|100%| O|  |TAMS 0x00000000a0100000, 0x00000000a0000000| Untracked 
|   1|0x00000000a0100000, 0x00000000a0200000, 0x00000000a0200000|100%| O|  |TAMS 0x00000000a0200000, 0x00000000a0100000| Untracked 
|   2|0x00000000a0200000, 0x00000000a0300000, 0x00000000a0300000|100%| O|  |TAMS 0x00000000a0300000, 0x00000000a0200000| Untracked 
|   3|0x00000000a0300000, 0x00000000a0400000, 0x00000000a0400000|100%|HS|  |TAMS 0x00000000a0400000, 0x00000000a0300000| Complete 
|   4|0x00000000a0400000, 0x00000000a0500000, 0x00000000a0500000|100%|HC|  |TAMS 0x00000000a0500000, 0x00000000a0400000| Complete 
|   5|0x00000000a0500000, 0x00000000a0600000, 0x00000000a0600000|100%|HC|  |TAMS 0x00000000a0600000, 0x00000000a0500000| Complete 
|   6|0x00000000a0600000, 0x00000000a0700000, 0x00000000a0700000|100%| O|  |TAMS 0x00000000a0700000, 0x00000000a0600000| Untracked 
|   7|0x00000000a0700000, 0x00000000a0800000, 0x00000000a0800000|100%| O|  |TAMS 0x00000000a0800000, 0x00000000a0700000| Untracked 
|   8|0x00000000a0800000, 0x00000000a0900000, 0x00000000a0900000|100%| O|  |TAMS 0x00000000a0900000, 0x00000000a0800000| Untracked 
|   9|0x00000000a0900000, 0x00000000a0a00000, 0x00000000a0a00000|100%| O|  |TAMS 0x00000000a0a00000, 0x00000000a0900000| Untracked 
|  10|0x00000000a0a00000, 0x00000000a0b00000, 0x00000000a0b00000|100%| O|  |TAMS 0x00000000a0b00000, 0x00000000a0a00000| Untracked 
|  11|0x00000000a0b00000, 0x00000000a0c00000, 0x00000000a0c00000|100%| O|  |TAMS 0x00000000a0c00000, 0x00000000a0b00000| Untracked 
|  12|0x00000000a0c00000, 0x00000000a0d00000, 0x00000000a0d00000|100%| O|  |TAMS 0x00000000a0d00000, 0x00000000a0c00000| Untracked 
|  13|0x00000000a0d00000, 0x00000000a0e00000, 0x00000000a0e00000|100%|HS|  |TAMS 0x00000000a0e00000, 0x00000000a0d00000| Complete 
|  14|0x00000000a0e00000, 0x00000000a0f00000, 0x00000000a0f00000|100%|HC|  |TAMS 0x00000000a0f00000, 0x00000000a0e00000| Complete 
|  15|0x00000000a0f00000, 0x00000000a1000000, 0x00000000a1000000|100%|HS|  |TAMS 0x00000000a1000000, 0x00000000a0f00000| Complete 
|  16|0x00000000a1000000, 0x00000000a1100000, 0x00000000a1100000|100%|HC|  |TAMS 0x00000000a1100000, 0x00000000a1000000| Complete 
|  17|0x00000000a1100000, 0x00000000a1200000, 0x00000000a1200000|100%|HC|  |TAMS 0x00000000a1200000, 0x00000000a1100000| Complete 
|  18|0x00000000a1200000, 0x00000000a1300000, 0x00000000a1300000|100%|HS|  |TAMS 0x00000000a1300000, 0x00000000a1200000| Complete 
|  19|0x00000000a1300000, 0x00000000a1400000, 0x00000000a1400000|100%|HC|  |TAMS 0x00000000a1400000, 0x00000000a1300000| Complete 
|  20|0x00000000a1400000, 0x00000000a1500000, 0x00000000a1500000|100%|HC|  |TAMS 0x00000000a1500000, 0x00000000a1400000| Complete 
|  21|0x00000000a1500000, 0x00000000a1600000, 0x00000000a1600000|100%|HC|  |TAMS 0x00000000a1600000, 0x00000000a1500000| Complete 
|  22|0x00000000a1600000, 0x00000000a1700000, 0x00000000a1700000|100%|HC|  |TAMS 0x00000000a1700000, 0x00000000a1600000| Complete 
|  23|0x00000000a1700000, 0x00000000a1800000, 0x00000000a1800000|100%|HS|  |TAMS 0x00000000a1800000, 0x00000000a1700000| Complete 
|  24|0x00000000a1800000, 0x00000000a1900000, 0x00000000a1900000|100%| O|  |TAMS 0x00000000a1900000, 0x00000000a1800000| Untracked 
|  25|0x00000000a1900000, 0x00000000a1a00000, 0x00000000a1a00000|100%| O|  |TAMS 0x00000000a1a00000, 0x00000000a1900000| Untracked 
|  26|0x00000000a1a00000, 0x00000000a1b00000, 0x00000000a1b00000|100%| O|  |TAMS 0x00000000a1b00000, 0x00000000a1a00000| Untracked 
|  27|0x00000000a1b00000, 0x00000000a1c00000, 0x00000000a1c00000|100%| O|  |TAMS 0x00000000a1c00000, 0x00000000a1b00000| Untracked 
|  28|0x00000000a1c00000, 0x00000000a1d00000, 0x00000000a1d00000|100%| O|  |TAMS 0x00000000a1d00000, 0x00000000a1c00000| Untracked 
|  29|0x00000000a1d00000, 0x00000000a1e00000, 0x00000000a1e00000|100%| O|  |TAMS 0x00000000a1e00000, 0x00000000a1d00000| Untracked 
|  30|0x00000000a1e00000, 0x00000000a1f00000, 0x00000000a1f00000|100%| O|  |TAMS 0x00000000a1f00000, 0x00000000a1e00000| Untracked 
|  31|0x00000000a1f00000, 0x00000000a2000000, 0x00000000a2000000|100%| O|  |TAMS 0x00000000a2000000, 0x00000000a1f00000| Untracked 
|  32|0x00000000a2000000, 0x00000000a2100000, 0x00000000a2100000|100%| O|  |TAMS 0x00000000a2100000, 0x00000000a2000000| Untracked 
|  33|0x00000000a2100000, 0x00000000a2200000, 0x00000000a2200000|100%| O|  |TAMS 0x00000000a2200000, 0x00000000a2100000| Untracked 
|  34|0x00000000a2200000, 0x00000000a2300000, 0x00000000a2300000|100%|HS|  |TAMS 0x00000000a2300000, 0x00000000a2200000| Complete 
|  35|0x00000000a2300000, 0x00000000a2400000, 0x00000000a2400000|100%|HC|  |TAMS 0x00000000a2400000, 0x00000000a2300000| Complete 
|  36|0x00000000a2400000, 0x00000000a2500000, 0x00000000a2500000|100%|HC|  |TAMS 0x00000000a2500000, 0x00000000a2400000| Complete 
|  37|0x00000000a2500000, 0x00000000a2600000, 0x00000000a2600000|100%|HS|  |TAMS 0x00000000a2600000, 0x00000000a2500000| Complete 
|  38|0x00000000a2600000, 0x00000000a2700000, 0x00000000a2700000|100%|HC|  |TAMS 0x00000000a2700000, 0x00000000a2600000| Complete 
|  39|0x00000000a2700000, 0x00000000a2800000, 0x00000000a2800000|100%|HC|  |TAMS 0x00000000a2800000, 0x00000000a2700000| Complete 
|  40|0x00000000a2800000, 0x00000000a2900000, 0x00000000a2900000|100%|HS|  |TAMS 0x00000000a2900000, 0x00000000a2800000| Complete 
|  41|0x00000000a2900000, 0x00000000a2a00000, 0x00000000a2a00000|100%|HC|  |TAMS 0x00000000a2a00000, 0x00000000a2900000| Complete 
|  42|0x00000000a2a00000, 0x00000000a2b00000, 0x00000000a2b00000|100%| O|  |TAMS 0x00000000a2b00000, 0x00000000a2a00000| Untracked 
|  43|0x00000000a2b00000, 0x00000000a2c00000, 0x00000000a2c00000|100%| O|  |TAMS 0x00000000a2c00000, 0x00000000a2b00000| Untracked 
|  44|0x00000000a2c00000, 0x00000000a2d00000, 0x00000000a2d00000|100%| O|  |TAMS 0x00000000a2d00000, 0x00000000a2c00000| Untracked 
|  45|0x00000000a2d00000, 0x00000000a2e00000, 0x00000000a2e00000|100%| O|  |TAMS 0x00000000a2e00000, 0x00000000a2d00000| Untracked 
|  46|0x00000000a2e00000, 0x00000000a2f00000, 0x00000000a2f00000|100%| O|  |TAMS 0x00000000a2f00000, 0x00000000a2e00000| Untracked 
|  47|0x00000000a2f00000, 0x00000000a3000000, 0x00000000a3000000|100%| O|  |TAMS 0x00000000a3000000, 0x00000000a2f00000| Untracked 
|  48|0x00000000a3000000, 0x00000000a3100000, 0x00000000a3100000|100%| O|  |TAMS 0x00000000a3100000, 0x00000000a3000000| Untracked 
|  49|0x00000000a3100000, 0x00000000a3200000, 0x00000000a3200000|100%| O|  |TAMS 0x00000000a3200000, 0x00000000a3100000| Untracked 
|  50|0x00000000a3200000, 0x00000000a3300000, 0x00000000a3300000|100%| O|  |TAMS 0x00000000a3300000, 0x00000000a3200000| Untracked 
|  51|0x00000000a3300000, 0x00000000a3400000, 0x00000000a3400000|100%| O|  |TAMS 0x00000000a3400000, 0x00000000a3300000| Untracked 
|  52|0x00000000a3400000, 0x00000000a3500000, 0x00000000a3500000|100%| O|  |TAMS 0x00000000a3500000, 0x00000000a3400000| Untracked 
|  53|0x00000000a3500000, 0x00000000a3600000, 0x00000000a3600000|100%| O|  |TAMS 0x00000000a3600000, 0x00000000a3500000| Untracked 
|  54|0x00000000a3600000, 0x00000000a3700000, 0x00000000a3700000|100%| O|  |TAMS 0x00000000a3700000, 0x00000000a3600000| Untracked 
|  55|0x00000000a3700000, 0x00000000a3800000, 0x00000000a3800000|100%| O|  |TAMS 0x00000000a3800000, 0x00000000a3700000| Untracked 
|  56|0x00000000a3800000, 0x00000000a3900000, 0x00000000a3900000|100%| O|  |TAMS 0x00000000a3900000, 0x00000000a3800000| Untracked 
|  57|0x00000000a3900000, 0x00000000a3a00000, 0x00000000a3a00000|100%| O|  |TAMS 0x00000000a3a00000, 0x00000000a3900000| Untracked 
|  58|0x00000000a3a00000, 0x00000000a3b00000, 0x00000000a3b00000|100%| O|  |TAMS 0x00000000a3b00000, 0x00000000a3a00000| Untracked 
|  59|0x00000000a3b00000, 0x00000000a3c00000, 0x00000000a3c00000|100%| O|  |TAMS 0x00000000a3c00000, 0x00000000a3b00000| Untracked 
|  60|0x00000000a3c00000, 0x00000000a3d00000, 0x00000000a3d00000|100%| O|  |TAMS 0x00000000a3d00000, 0x00000000a3c00000| Untracked 
|  61|0x00000000a3d00000, 0x00000000a3e00000, 0x00000000a3e00000|100%| O|  |TAMS 0x00000000a3e00000, 0x00000000a3d00000| Untracked 
|  62|0x00000000a3e00000, 0x00000000a3f00000, 0x00000000a3f00000|100%| O|  |TAMS 0x00000000a3f00000, 0x00000000a3e00000| Untracked 
|  63|0x00000000a3f00000, 0x00000000a4000000, 0x00000000a4000000|100%| O|  |TAMS 0x00000000a4000000, 0x00000000a3f00000| Untracked 
|  64|0x00000000a4000000, 0x00000000a4100000, 0x00000000a4100000|100%| O|  |TAMS 0x00000000a4100000, 0x00000000a4000000| Untracked 
|  65|0x00000000a4100000, 0x00000000a4200000, 0x00000000a4200000|100%| O|  |TAMS 0x00000000a4200000, 0x00000000a4100000| Untracked 
|  66|0x00000000a4200000, 0x00000000a4300000, 0x00000000a4300000|100%| O|  |TAMS 0x00000000a4300000, 0x00000000a4200000| Untracked 
|  67|0x00000000a4300000, 0x00000000a4400000, 0x00000000a4400000|100%| O|  |TAMS 0x00000000a4400000, 0x00000000a4300000| Untracked 
|  68|0x00000000a4400000, 0x00000000a4500000, 0x00000000a4500000|100%| O|  |TAMS 0x00000000a4500000, 0x00000000a4400000| Untracked 
|  69|0x00000000a4500000, 0x00000000a4600000, 0x00000000a4600000|100%| O|  |TAMS 0x00000000a4600000, 0x00000000a4500000| Untracked 
|  70|0x00000000a4600000, 0x00000000a4700000, 0x00000000a4700000|100%| O|  |TAMS 0x00000000a4700000, 0x00000000a4600000| Untracked 
|  71|0x00000000a4700000, 0x00000000a4800000, 0x00000000a4800000|100%| O|  |TAMS 0x00000000a4800000, 0x00000000a4700000| Untracked 
|  72|0x00000000a4800000, 0x00000000a4900000, 0x00000000a4900000|100%| O|  |TAMS 0x00000000a4900000, 0x00000000a4800000| Untracked 
|  73|0x00000000a4900000, 0x00000000a4a00000, 0x00000000a4a00000|100%| O|  |TAMS 0x00000000a4a00000, 0x00000000a4900000| Untracked 
|  74|0x00000000a4a00000, 0x00000000a4b00000, 0x00000000a4b00000|100%| O|  |TAMS 0x00000000a4b00000, 0x00000000a4a00000| Untracked 
|  75|0x00000000a4b00000, 0x00000000a4c00000, 0x00000000a4c00000|100%| O|  |TAMS 0x00000000a4c00000, 0x00000000a4b00000| Untracked 
|  76|0x00000000a4c00000, 0x00000000a4c8ac00, 0x00000000a4d00000| 54%| O|  |TAMS 0x00000000a4c8ac00, 0x00000000a4c00000| Untracked 
|  77|0x00000000a4d00000, 0x00000000a4d00000, 0x00000000a4e00000|  0%| F|  |TAMS 0x00000000a4d00000, 0x00000000a4d00000| Untracked 
|  78|0x00000000a4e00000, 0x00000000a4e00000, 0x00000000a4f00000|  0%| F|  |TAMS 0x00000000a4e00000, 0x00000000a4e00000| Untracked 
|  79|0x00000000a4f00000, 0x00000000a4f00000, 0x00000000a5000000|  0%| F|  |TAMS 0x00000000a4f00000, 0x00000000a4f00000| Untracked 
|  80|0x00000000a5000000, 0x00000000a5000000, 0x00000000a5100000|  0%| F|  |TAMS 0x00000000a5000000, 0x00000000a5000000| Untracked 
|  81|0x00000000a5100000, 0x00000000a5100000, 0x00000000a5200000|  0%| F|  |TAMS 0x00000000a5100000, 0x00000000a5100000| Untracked 
|  82|0x00000000a5200000, 0x00000000a5200000, 0x00000000a5300000|  0%| F|  |TAMS 0x00000000a5200000, 0x00000000a5200000| Untracked 
|  83|0x00000000a5300000, 0x00000000a5300000, 0x00000000a5400000|  0%| F|  |TAMS 0x00000000a5300000, 0x00000000a5300000| Untracked 
|  84|0x00000000a5400000, 0x00000000a5400000, 0x00000000a5500000|  0%| F|  |TAMS 0x00000000a5400000, 0x00000000a5400000| Untracked 
|  85|0x00000000a5500000, 0x00000000a5500000, 0x00000000a5600000|  0%| F|  |TAMS 0x00000000a5500000, 0x00000000a5500000| Untracked 
|  86|0x00000000a5600000, 0x00000000a5600000, 0x00000000a5700000|  0%| F|  |TAMS 0x00000000a5600000, 0x00000000a5600000| Untracked 
|  87|0x00000000a5700000, 0x00000000a5700000, 0x00000000a5800000|  0%| F|  |TAMS 0x00000000a5700000, 0x00000000a5700000| Untracked 
|  88|0x00000000a5800000, 0x00000000a5800000, 0x00000000a5900000|  0%| F|  |TAMS 0x00000000a5800000, 0x00000000a5800000| Untracked 
|  89|0x00000000a5900000, 0x00000000a5900000, 0x00000000a5a00000|  0%| F|  |TAMS 0x00000000a5900000, 0x00000000a5900000| Untracked 
|  90|0x00000000a5a00000, 0x00000000a5a00000, 0x00000000a5b00000|  0%| F|  |TAMS 0x00000000a5a00000, 0x00000000a5a00000| Untracked 
|  91|0x00000000a5b00000, 0x00000000a5b00000, 0x00000000a5c00000|  0%| F|  |TAMS 0x00000000a5b00000, 0x00000000a5b00000| Untracked 
|  92|0x00000000a5c00000, 0x00000000a5c00000, 0x00000000a5d00000|  0%| F|  |TAMS 0x00000000a5c00000, 0x00000000a5c00000| Untracked 
|  93|0x00000000a5d00000, 0x00000000a5d00000, 0x00000000a5e00000|  0%| F|  |TAMS 0x00000000a5d00000, 0x00000000a5d00000| Untracked 
|  94|0x00000000a5e00000, 0x00000000a5e00000, 0x00000000a5f00000|  0%| F|  |TAMS 0x00000000a5e00000, 0x00000000a5e00000| Untracked 
|  95|0x00000000a5f00000, 0x00000000a5f6d850, 0x00000000a6000000| 42%| S|CS|TAMS 0x00000000a5f00000, 0x00000000a5f00000| Complete 
|  96|0x00000000a6000000, 0x00000000a6100000, 0x00000000a6100000|100%| S|CS|TAMS 0x00000000a6000000, 0x00000000a6000000| Complete 
|  97|0x00000000a6100000, 0x00000000a6200000, 0x00000000a6200000|100%| S|CS|TAMS 0x00000000a6100000, 0x00000000a6100000| Complete 
|  98|0x00000000a6200000, 0x00000000a6300000, 0x00000000a6300000|100%| S|CS|TAMS 0x00000000a6200000, 0x00000000a6200000| Complete 
|  99|0x00000000a6300000, 0x00000000a6400000, 0x00000000a6400000|100%| S|CS|TAMS 0x00000000a6300000, 0x00000000a6300000| Complete 
| 100|0x00000000a6400000, 0x00000000a6400000, 0x00000000a6500000|  0%| F|  |TAMS 0x00000000a6400000, 0x00000000a6400000| Untracked 
| 101|0x00000000a6500000, 0x00000000a6500000, 0x00000000a6600000|  0%| F|  |TAMS 0x00000000a6500000, 0x00000000a6500000| Untracked 
| 102|0x00000000a6600000, 0x00000000a6600000, 0x00000000a6700000|  0%| F|  |TAMS 0x00000000a6600000, 0x00000000a6600000| Untracked 
| 103|0x00000000a6700000, 0x00000000a6700000, 0x00000000a6800000|  0%| F|  |TAMS 0x00000000a6700000, 0x00000000a6700000| Untracked 
| 104|0x00000000a6800000, 0x00000000a6800000, 0x00000000a6900000|  0%| F|  |TAMS 0x00000000a6800000, 0x00000000a6800000| Untracked 
| 105|0x00000000a6900000, 0x00000000a6a00000, 0x00000000a6a00000|100%| S|CS|TAMS 0x00000000a6900000, 0x00000000a6900000| Complete 
| 106|0x00000000a6a00000, 0x00000000a6b00000, 0x00000000a6b00000|100%| S|CS|TAMS 0x00000000a6a00000, 0x00000000a6a00000| Complete 
| 107|0x00000000a6b00000, 0x00000000a6b00000, 0x00000000a6c00000|  0%| F|  |TAMS 0x00000000a6b00000, 0x00000000a6b00000| Untracked 
| 108|0x00000000a6c00000, 0x00000000a6c00000, 0x00000000a6d00000|  0%| F|  |TAMS 0x00000000a6c00000, 0x00000000a6c00000| Untracked 
| 109|0x00000000a6d00000, 0x00000000a6d00000, 0x00000000a6e00000|  0%| F|  |TAMS 0x00000000a6d00000, 0x00000000a6d00000| Untracked 
| 110|0x00000000a6e00000, 0x00000000a6e00000, 0x00000000a6f00000|  0%| F|  |TAMS 0x00000000a6e00000, 0x00000000a6e00000| Untracked 
| 111|0x00000000a6f00000, 0x00000000a6f00000, 0x00000000a7000000|  0%| F|  |TAMS 0x00000000a6f00000, 0x00000000a6f00000| Untracked 
| 112|0x00000000a7000000, 0x00000000a7000000, 0x00000000a7100000|  0%| F|  |TAMS 0x00000000a7000000, 0x00000000a7000000| Untracked 
| 113|0x00000000a7100000, 0x00000000a7100000, 0x00000000a7200000|  0%| F|  |TAMS 0x00000000a7100000, 0x00000000a7100000| Untracked 
| 114|0x00000000a7200000, 0x00000000a7200000, 0x00000000a7300000|  0%| F|  |TAMS 0x00000000a7200000, 0x00000000a7200000| Untracked 
| 115|0x00000000a7300000, 0x00000000a7300000, 0x00000000a7400000|  0%| F|  |TAMS 0x00000000a7300000, 0x00000000a7300000| Untracked 
| 116|0x00000000a7400000, 0x00000000a7400000, 0x00000000a7500000|  0%| F|  |TAMS 0x00000000a7400000, 0x00000000a7400000| Untracked 
| 117|0x00000000a7500000, 0x00000000a7500000, 0x00000000a7600000|  0%| F|  |TAMS 0x00000000a7500000, 0x00000000a7500000| Untracked 
| 118|0x00000000a7600000, 0x00000000a7600000, 0x00000000a7700000|  0%| F|  |TAMS 0x00000000a7600000, 0x00000000a7600000| Untracked 
| 119|0x00000000a7700000, 0x00000000a7700000, 0x00000000a7800000|  0%| F|  |TAMS 0x00000000a7700000, 0x00000000a7700000| Untracked 
| 120|0x00000000a7800000, 0x00000000a7800000, 0x00000000a7900000|  0%| F|  |TAMS 0x00000000a7800000, 0x00000000a7800000| Untracked 
| 121|0x00000000a7900000, 0x00000000a7900000, 0x00000000a7a00000|  0%| F|  |TAMS 0x00000000a7900000, 0x00000000a7900000| Untracked 
| 122|0x00000000a7a00000, 0x00000000a7a00000, 0x00000000a7b00000|  0%| F|  |TAMS 0x00000000a7a00000, 0x00000000a7a00000| Untracked 
| 123|0x00000000a7b00000, 0x00000000a7b00000, 0x00000000a7c00000|  0%| F|  |TAMS 0x00000000a7b00000, 0x00000000a7b00000| Untracked 
| 124|0x00000000a7c00000, 0x00000000a7c00000, 0x00000000a7d00000|  0%| F|  |TAMS 0x00000000a7c00000, 0x00000000a7c00000| Untracked 
| 125|0x00000000a7d00000, 0x00000000a7d00000, 0x00000000a7e00000|  0%| F|  |TAMS 0x00000000a7d00000, 0x00000000a7d00000| Untracked 
| 126|0x00000000a7e00000, 0x00000000a7e00000, 0x00000000a7f00000|  0%| F|  |TAMS 0x00000000a7e00000, 0x00000000a7e00000| Untracked 
| 127|0x00000000a7f00000, 0x00000000a7f00000, 0x00000000a8000000|  0%| F|  |TAMS 0x00000000a7f00000, 0x00000000a7f00000| Untracked 
| 128|0x00000000a8000000, 0x00000000a8000000, 0x00000000a8100000|  0%| F|  |TAMS 0x00000000a8000000, 0x00000000a8000000| Untracked 
| 129|0x00000000a8100000, 0x00000000a8100000, 0x00000000a8200000|  0%| F|  |TAMS 0x00000000a8100000, 0x00000000a8100000| Untracked 
| 130|0x00000000a8200000, 0x00000000a8200000, 0x00000000a8300000|  0%| F|  |TAMS 0x00000000a8200000, 0x00000000a8200000| Untracked 
| 131|0x00000000a8300000, 0x00000000a8300000, 0x00000000a8400000|  0%| F|  |TAMS 0x00000000a8300000, 0x00000000a8300000| Untracked 
| 132|0x00000000a8400000, 0x00000000a8400000, 0x00000000a8500000|  0%| F|  |TAMS 0x00000000a8400000, 0x00000000a8400000| Untracked 
| 133|0x00000000a8500000, 0x00000000a8500000, 0x00000000a8600000|  0%| F|  |TAMS 0x00000000a8500000, 0x00000000a8500000| Untracked 
| 134|0x00000000a8600000, 0x00000000a8600000, 0x00000000a8700000|  0%| F|  |TAMS 0x00000000a8600000, 0x00000000a8600000| Untracked 
| 135|0x00000000a8700000, 0x00000000a8700000, 0x00000000a8800000|  0%| F|  |TAMS 0x00000000a8700000, 0x00000000a8700000| Untracked 
| 136|0x00000000a8800000, 0x00000000a8800000, 0x00000000a8900000|  0%| F|  |TAMS 0x00000000a8800000, 0x00000000a8800000| Untracked 
| 137|0x00000000a8900000, 0x00000000a8900000, 0x00000000a8a00000|  0%| F|  |TAMS 0x00000000a8900000, 0x00000000a8900000| Untracked 
| 138|0x00000000a8a00000, 0x00000000a8a00000, 0x00000000a8b00000|  0%| F|  |TAMS 0x00000000a8a00000, 0x00000000a8a00000| Untracked 
| 139|0x00000000a8b00000, 0x00000000a8b00000, 0x00000000a8c00000|  0%| F|  |TAMS 0x00000000a8b00000, 0x00000000a8b00000| Untracked 
| 140|0x00000000a8c00000, 0x00000000a8c00000, 0x00000000a8d00000|  0%| F|  |TAMS 0x00000000a8c00000, 0x00000000a8c00000| Untracked 
| 141|0x00000000a8d00000, 0x00000000a8d00000, 0x00000000a8e00000|  0%| F|  |TAMS 0x00000000a8d00000, 0x00000000a8d00000| Untracked 
| 142|0x00000000a8e00000, 0x00000000a8e00000, 0x00000000a8f00000|  0%| F|  |TAMS 0x00000000a8e00000, 0x00000000a8e00000| Untracked 
| 143|0x00000000a8f00000, 0x00000000a8f00000, 0x00000000a9000000|  0%| F|  |TAMS 0x00000000a8f00000, 0x00000000a8f00000| Untracked 
| 144|0x00000000a9000000, 0x00000000a9000000, 0x00000000a9100000|  0%| F|  |TAMS 0x00000000a9000000, 0x00000000a9000000| Untracked 
| 145|0x00000000a9100000, 0x00000000a9100000, 0x00000000a9200000|  0%| F|  |TAMS 0x00000000a9100000, 0x00000000a9100000| Untracked 
| 146|0x00000000a9200000, 0x00000000a9200000, 0x00000000a9300000|  0%| F|  |TAMS 0x00000000a9200000, 0x00000000a9200000| Untracked 
| 147|0x00000000a9300000, 0x00000000a9300000, 0x00000000a9400000|  0%| F|  |TAMS 0x00000000a9300000, 0x00000000a9300000| Untracked 
| 148|0x00000000a9400000, 0x00000000a9400000, 0x00000000a9500000|  0%| F|  |TAMS 0x00000000a9400000, 0x00000000a9400000| Untracked 
| 149|0x00000000a9500000, 0x00000000a9500000, 0x00000000a9600000|  0%| F|  |TAMS 0x00000000a9500000, 0x00000000a9500000| Untracked 
| 150|0x00000000a9600000, 0x00000000a9700000, 0x00000000a9700000|100%| E|  |TAMS 0x00000000a9600000, 0x00000000a9600000| Complete 
| 151|0x00000000a9700000, 0x00000000a9800000, 0x00000000a9800000|100%| E|CS|TAMS 0x00000000a9700000, 0x00000000a9700000| Complete 

Card table byte_map: [0x00000275ae130000,0x00000275ae430000] _byte_map_base: 0x00000275adc30000

Marking Bits (Prev, Next): (CMBitMap*) 0x000002759ad22660, (CMBitMap*) 0x000002759ad22628
 Prev Bits: [0x00000275aff30000, 0x00000275b1730000)
 Next Bits: [0x00000275ae730000, 0x00000275aff30000)

Polling page: 0x0000027599430000

Metaspace:

Usage:
  Non-class:     64.10 MB capacity,    62.99 MB ( 98%) used,   971.62 KB (  1%) free+waste,   167.44 KB ( <1%) overhead. 
      Class:      9.77 MB capacity,     9.18 MB ( 94%) used,   530.06 KB (  5%) free+waste,    76.38 KB ( <1%) overhead. 
       Both:     73.87 MB capacity,    72.17 MB ( 98%) used,     1.47 MB (  2%) free+waste,   243.81 KB ( <1%) overhead. 

Virtual space:
  Non-class space:       66.00 MB reserved,      64.21 MB ( 97%) committed 
      Class space:        1.00 GB reserved,       9.88 MB ( <1%) committed 
             Both:        1.06 GB reserved,      74.09 MB (  7%) committed 

Chunk freelists:
   Non-Class:  49.00 KB
       Class:  12.00 KB
        Both:  61.00 KB

MaxMetaspaceSize: 17179869184.00 GB
CompressedClassSpaceSize: 1.00 GB
Initial GC threshold: 20.80 MB
Current GC threshold: 123.48 MB
CDS: off

CodeHeap 'non-profiled nmethods': size=120064Kb used=4449Kb max_used=4449Kb free=115614Kb
 bounds [0x00000275a62d0000, 0x00000275a6730000, 0x00000275ad810000]
CodeHeap 'profiled nmethods': size=120000Kb used=17730Kb max_used=17730Kb free=102269Kb
 bounds [0x000002759eda0000, 0x000002759ff00000, 0x00000275a62d0000]
CodeHeap 'non-nmethods': size=5696Kb used=2338Kb max_used=2378Kb free=3357Kb
 bounds [0x000002759e810000, 0x000002759ea80000, 0x000002759eda0000]
 total_blobs=8809 nmethods=7953 adapters=769
 compilation: enabled
              stopped_count=0, restarted_count=0
 full_count=0

Compilation events (20 events):
Event: 39.751 Thread 0x00000275b3d4b000 7981       2       org.gradle.api.internal.artifacts.ivyservice.moduleconverter.dependencies.DefaultExcludeRuleConverter::<init> (10 bytes)
Event: 39.751 Thread 0x00000275b3d4b000 nmethod 7981 0x000002759fee1a10 code [0x000002759fee1bc0, 0x000002759fee1cf8]
Event: 39.751 Thread 0x00000275b3d4b000 7982       2       org.gradle.api.internal.artifacts.repositories.metadata.DefaultMavenImmutableAttributesFactory::mutable (10 bytes)
Event: 39.751 Thread 0x00000275b3d4b000 nmethod 7982 0x000002759fee1d90 code [0x000002759fee1f40, 0x000002759fee2068]
Event: 39.794 Thread 0x00000275b3d4b000 7983       2       java.util.HashMap$ValueSpliterator::characteristics (28 bytes)
Event: 39.794 Thread 0x00000275b3d4b000 nmethod 7983 0x000002759fee2110 code [0x000002759fee22c0, 0x000002759fee23f8]
Event: 39.802 Thread 0x00000275b3d4b000 7984       2       org.gradle.api.internal.artifacts.ivyservice.modulecache.ModuleMetadataSerializer$Reader::readAttributes (14 bytes)
Event: 39.802 Thread 0x00000275b3d4b000 nmethod 7984 0x000002759fee2490 code [0x000002759fee2640, 0x000002759fee2768]
Event: 39.848 Thread 0x00000275b3d4b000 7985       2       org.gradle.internal.serialize.kryo.KryoBackedDecoder::close (8 bytes)
Event: 39.848 Thread 0x00000275b3d4b000 nmethod 7985 0x000002759fee2810 code [0x000002759fee29c0, 0x000002759fee2b28]
Event: 39.918 Thread 0x00000275b3d4b000 7986       2       org.gradle.api.internal.artifacts.ivyservice.modulecache.ModuleMetadataSerializer$Reader::readMavenDependencies (39 bytes)
Event: 39.919 Thread 0x00000275b3d4b000 nmethod 7986 0x000002759fee2c10 code [0x000002759fee2e20, 0x000002759fee32d8]
Event: 39.931 Thread 0x00000275b3d4b000 7987       2       com.esotericsoftware.kryo.io.Input::readInt_slow (201 bytes)
Event: 39.932 Thread 0x00000275b3d4b000 nmethod 7987 0x000002759fee3610 code [0x000002759fee3800, 0x000002759fee3b78]
Event: 40.014 Thread 0x00000275b3d4b000 7988   !   2       org.gradle.api.internal.artifacts.ivyservice.modulecache.ModuleMetadataStore::getModuleDescriptor (128 bytes)
Event: 40.017 Thread 0x00000275b3d4b000 nmethod 7988 0x000002759fee3d90 code [0x000002759fee40e0, 0x000002759fee5018]
Event: 40.018 Thread 0x00000275b3d4b000 7989       2       org.gradle.api.internal.artifacts.ivyservice.modulecache.ModuleMetadataStore::getFilePath (49 bytes)
Event: 40.018 Thread 0x00000275b3d4b000 nmethod 7989 0x000002759fee5a90 code [0x000002759fee5c80, 0x000002759fee62f8]
Event: 40.018 Thread 0x00000275b3d4b000 7990       2       org.gradle.api.internal.artifacts.ivyservice.modulecache.ModuleMetadataSerializer::read (35 bytes)
Event: 40.018 Thread 0x00000275b3d4b000 nmethod 7990 0x000002759fee6610 code [0x000002759fee67e0, 0x000002759fee69b8]

GC Heap History (20 events):
Event: 9.178 GC heap before
{Heap before GC invocations=7 (full 0):
 garbage-first heap   total 129024K, used 76961K [0x00000000a0000000, 0x0000000100000000)
  region size 1024K, 50 young (51200K), 7 survivors (7168K)
 Metaspace       used 35096K, capacity 35840K, committed 35920K, reserved 1081344K
  class space    used 4330K, capacity 4594K, committed 4608K, reserved 1048576K
}
Event: 9.198 GC heap after
{Heap after GC invocations=8 (full 0):
 garbage-first heap   total 129024K, used 34334K [0x00000000a0000000, 0x0000000100000000)
  region size 1024K, 8 young (8192K), 8 survivors (8192K)
 Metaspace       used 35096K, capacity 35840K, committed 35920K, reserved 1081344K
  class space    used 4330K, capacity 4594K, committed 4608K, reserved 1048576K
}
Event: 10.424 GC heap before
{Heap before GC invocations=9 (full 0):
 garbage-first heap   total 129024K, used 82462K [0x00000000a0000000, 0x0000000100000000)
  region size 1024K, 56 young (57344K), 8 survivors (8192K)
 Metaspace       used 39095K, capacity 39934K, committed 40144K, reserved 1085440K
  class space    used 4913K, capacity 5181K, committed 5248K, reserved 1048576K
}
Event: 10.457 GC heap after
{Heap after GC invocations=10 (full 0):
 garbage-first heap   total 129024K, used 37220K [0x00000000a0000000, 0x0000000100000000)
  region size 1024K, 7 young (7168K), 7 survivors (7168K)
 Metaspace       used 39095K, capacity 39934K, committed 40144K, reserved 1085440K
  class space    used 4913K, capacity 5181K, committed 5248K, reserved 1048576K
}
Event: 14.469 GC heap before
{Heap before GC invocations=11 (full 0):
 garbage-first heap   total 129024K, used 88420K [0x00000000a0000000, 0x0000000100000000)
  region size 1024K, 57 young (58368K), 7 survivors (7168K)
 Metaspace       used 42582K, capacity 43589K, committed 43728K, reserved 1087488K
  class space    used 5365K, capacity 5693K, committed 5760K, reserved 1048576K
}
Event: 14.511 GC heap after
{Heap after GC invocations=12 (full 0):
 garbage-first heap   total 129024K, used 41073K [0x00000000a0000000, 0x0000000100000000)
  region size 1024K, 7 young (7168K), 7 survivors (7168K)
 Metaspace       used 42582K, capacity 43589K, committed 43728K, reserved 1087488K
  class space    used 5365K, capacity 5693K, committed 5760K, reserved 1048576K
}
Event: 22.846 GC heap before
{Heap before GC invocations=12 (full 0):
 garbage-first heap   total 129024K, used 100465K [0x00000000a0000000, 0x0000000100000000)
  region size 1024K, 57 young (58368K), 7 survivors (7168K)
 Metaspace       used 49978K, capacity 51264K, committed 51280K, reserved 1093632K
  class space    used 6226K, capacity 6640K, committed 6656K, reserved 1048576K
}
Event: 22.869 GC heap after
{Heap after GC invocations=13 (full 0):
 garbage-first heap   total 155648K, used 57344K [0x00000000a0000000, 0x0000000100000000)
  region size 1024K, 8 young (8192K), 8 survivors (8192K)
 Metaspace       used 49978K, capacity 51264K, committed 51280K, reserved 1093632K
  class space    used 6226K, capacity 6640K, committed 6656K, reserved 1048576K
}
Event: 25.759 GC heap before
{Heap before GC invocations=13 (full 0):
 garbage-first heap   total 155648K, used 111616K [0x00000000a0000000, 0x0000000100000000)
  region size 1024K, 61 young (62464K), 8 survivors (8192K)
 Metaspace       used 55400K, capacity 56612K, committed 56912K, reserved 1099776K
  class space    used 6912K, capacity 7329K, committed 7424K, reserved 1048576K
}
Event: 25.786 GC heap after
{Heap after GC invocations=14 (full 0):
 garbage-first heap   total 155648K, used 63267K [0x00000000a0000000, 0x0000000100000000)
  region size 1024K, 6 young (6144K), 6 survivors (6144K)
 Metaspace       used 55400K, capacity 56612K, committed 56912K, reserved 1099776K
  class space    used 6912K, capacity 7329K, committed 7424K, reserved 1048576K
}
Event: 28.109 GC heap before
{Heap before GC invocations=14 (full 0):
 garbage-first heap   total 155648K, used 115491K [0x00000000a0000000, 0x0000000100000000)
  region size 1024K, 57 young (58368K), 6 survivors (6144K)
 Metaspace       used 60421K, capacity 61877K, committed 62160K, reserved 1103872K
  class space    used 7482K, capacity 7979K, committed 8064K, reserved 1048576K
}
Event: 28.130 GC heap after
{Heap after GC invocations=15 (full 0):
 garbage-first heap   total 155648K, used 67039K [0x00000000a0000000, 0x0000000100000000)
  region size 1024K, 5 young (5120K), 5 survivors (5120K)
 Metaspace       used 60421K, capacity 61877K, committed 62160K, reserved 1103872K
  class space    used 7482K, capacity 7979K, committed 8064K, reserved 1048576K
}
Event: 30.524 GC heap before
{Heap before GC invocations=15 (full 0):
 garbage-first heap   total 155648K, used 113119K [0x00000000a0000000, 0x0000000100000000)
  region size 1024K, 51 young (52224K), 5 survivors (5120K)
 Metaspace       used 65384K, capacity 66828K, committed 66908K, reserved 1107968K
  class space    used 8260K, capacity 8821K, committed 8832K, reserved 1048576K
}
Event: 30.549 GC heap after
{Heap after GC invocations=16 (full 0):
 garbage-first heap   total 155648K, used 70535K [0x00000000a0000000, 0x0000000100000000)
  region size 1024K, 4 young (4096K), 4 survivors (4096K)
 Metaspace       used 65384K, capacity 66828K, committed 66908K, reserved 1107968K
  class space    used 8260K, capacity 8821K, committed 8832K, reserved 1048576K
}
Event: 32.384 GC heap before
{Heap before GC invocations=17 (full 0):
 garbage-first heap   total 155648K, used 119687K [0x00000000a0000000, 0x0000000100000000)
  region size 1024K, 52 young (53248K), 4 survivors (4096K)
 Metaspace       used 68019K, capacity 69616K, committed 69852K, reserved 1110016K
  class space    used 8639K, capacity 9208K, committed 9216K, reserved 1048576K
}
Event: 32.405 GC heap after
{Heap after GC invocations=18 (full 0):
 garbage-first heap   total 155648K, used 74374K [0x00000000a0000000, 0x0000000100000000)
  region size 1024K, 7 young (7168K), 7 survivors (7168K)
 Metaspace       used 68019K, capacity 69616K, committed 69852K, reserved 1110016K
  class space    used 8639K, capacity 9208K, committed 9216K, reserved 1048576K
}
Event: 36.468 GC heap before
{Heap before GC invocations=18 (full 0):
 garbage-first heap   total 155648K, used 122502K [0x00000000a0000000, 0x0000000100000000)
  region size 1024K, 54 young (55296K), 7 survivors (7168K)
 Metaspace       used 71413K, capacity 73072K, committed 73180K, reserved 1114112K
  class space    used 9097K, capacity 9658K, committed 9728K, reserved 1048576K
}
Event: 36.494 GC heap after
{Heap after GC invocations=19 (full 0):
 garbage-first heap   total 155648K, used 78749K [0x00000000a0000000, 0x0000000100000000)
  region size 1024K, 5 young (5120K), 5 survivors (5120K)
 Metaspace       used 71413K, capacity 73072K, committed 73180K, reserved 1114112K
  class space    used 9097K, capacity 9658K, committed 9728K, reserved 1048576K
}
Event: 39.550 GC heap before
{Heap before GC invocations=19 (full 0):
 garbage-first heap   total 155648K, used 124829K [0x00000000a0000000, 0x0000000100000000)
  region size 1024K, 50 young (51200K), 5 survivors (5120K)
 Metaspace       used 73863K, capacity 75574K, committed 75868K, reserved 1116160K
  class space    used 9395K, capacity 10003K, committed 10112K, reserved 1048576K
}
Event: 39.577 GC heap after
{Heap after GC invocations=20 (full 0):
 garbage-first heap   total 155648K, used 84961K [0x00000000a0000000, 0x0000000100000000)
  region size 1024K, 7 young (7168K), 7 survivors (7168K)
 Metaspace       used 73863K, capacity 75574K, committed 75868K, reserved 1116160K
  class space    used 9395K, capacity 10003K, committed 10112K, reserved 1048576K
}

Deoptimization events (20 events):
Event: 36.775 Thread 0x00000275b4801800 DEOPT PACKING pc=0x00000275a654e6b0 sp=0x000000b4891fa760
Event: 36.775 Thread 0x00000275b4801800 DEOPT UNPACKING pc=0x000002759e85a1a9 sp=0x000000b4891fa580 mode 2
Event: 36.874 Thread 0x00000275b4801800 Uncommon trap: trap_request=0xffffff4d fr.pc=0x00000275a654f2c8 relative=0x00000000000000a8
Event: 36.874 Thread 0x00000275b4801800 Uncommon trap: reason=unstable_if action=reinterpret pc=0x00000275a654f2c8 method=java.lang.CharacterDataLatin1.digit(II)I @ 12 c2
Event: 36.874 Thread 0x00000275b4801800 DEOPT PACKING pc=0x00000275a654f2c8 sp=0x000000b4891fa720
Event: 36.874 Thread 0x00000275b4801800 DEOPT UNPACKING pc=0x000002759e85a1a9 sp=0x000000b4891fa5d8 mode 2
Event: 36.901 Thread 0x00000275b4801800 Uncommon trap: trap_request=0xffffff4d fr.pc=0x00000275a63a943c relative=0x000000000000009c
Event: 36.901 Thread 0x00000275b4801800 Uncommon trap: reason=unstable_if action=reinterpret pc=0x00000275a63a943c method=java.nio.Buffer.position(I)Ljava/nio/Buffer; @ 37 c2
Event: 36.901 Thread 0x00000275b4801800 DEOPT PACKING pc=0x00000275a63a943c sp=0x000000b4891f8f20
Event: 36.901 Thread 0x00000275b4801800 DEOPT UNPACKING pc=0x000002759e85a1a9 sp=0x000000b4891f8e60 mode 2
Event: 39.133 Thread 0x00000275b4801800 DEOPT PACKING pc=0x000002759f7559ce sp=0x000000b4891fa810
Event: 39.133 Thread 0x00000275b4801800 DEOPT UNPACKING pc=0x000002759e85a93f sp=0x000000b4891f9db0 mode 0
Event: 39.267 Thread 0x00000275b4801800 DEOPT PACKING pc=0x000002759fa89c67 sp=0x000000b4891fb090
Event: 39.267 Thread 0x00000275b4801800 DEOPT UNPACKING pc=0x000002759e85a93f sp=0x000000b4891fa5d8 mode 0
Event: 39.299 Thread 0x00000275b4801800 DEOPT PACKING pc=0x000002759f7559ce sp=0x000000b4891f9860
Event: 39.299 Thread 0x00000275b4801800 DEOPT UNPACKING pc=0x000002759e85a93f sp=0x000000b4891f8e00 mode 0
Event: 39.313 Thread 0x00000275b4801800 DEOPT PACKING pc=0x000002759fa1ca6e sp=0x000000b4891f9d00
Event: 39.313 Thread 0x00000275b4801800 DEOPT UNPACKING pc=0x000002759e85a93f sp=0x000000b4891f9118 mode 0
Event: 39.532 Thread 0x00000275b4801800 DEOPT PACKING pc=0x000002759f5d7bf1 sp=0x000000b4891f94a0
Event: 39.532 Thread 0x00000275b4801800 DEOPT UNPACKING pc=0x000002759e85a93f sp=0x000000b4891f8998 mode 0

Classes redefined (0 events):
No events

Internal exceptions (20 events):
Event: 31.580 Thread 0x00000275b4801800 Exception <a 'java/lang/ClassNotFoundException'{0x00000000a7b82250}: com/android/build/gradle/internal/tasks/IncrementalTaskBeanInfo> (0x00000000a7b82250) thrown at [./src/hotspot/share/classfile/systemDictionary.cpp, line 231]
Event: 31.581 Thread 0x00000275b4801800 Exception <a 'java/lang/ClassNotFoundException'{0x00000000a7b99a70}: com/android/build/gradle/internal/tasks/AndroidVariantTaskBeanInfo> (0x00000000a7b99a70) thrown at [./src/hotspot/share/classfile/systemDictionary.cpp, line 231]
Event: 31.582 Thread 0x00000275b4801800 Exception <a 'java/lang/ClassNotFoundException'{0x00000000a7bb1918}: com/android/build/gradle/internal/tasks/AndroidVariantTaskCustomizer> (0x00000000a7bb1918) thrown at [./src/hotspot/share/classfile/systemDictionary.cpp, line 231]
Event: 31.583 Thread 0x00000275b4801800 Exception <a 'java/lang/ClassNotFoundException'{0x00000000a7bda4f0}: com/android/build/gradle/internal/tasks/IncrementalTaskCustomizer> (0x00000000a7bda4f0) thrown at [./src/hotspot/share/classfile/systemDictionary.cpp, line 231]
Event: 31.584 Thread 0x00000275b4801800 Exception <a 'java/lang/ClassNotFoundException'{0x00000000a7a00a08}: com/android/build/gradle/tasks/ResourceAwareTaskCustomizer> (0x00000000a7a00a08) thrown at [./src/hotspot/share/classfile/systemDictionary.cpp, line 231]
Event: 31.586 Thread 0x00000275b4801800 Exception <a 'java/lang/ClassNotFoundException'{0x00000000a7a2db58}: com/android/build/gradle/tasks/MergeResourcesCustomizer> (0x00000000a7a2db58) thrown at [./src/hotspot/share/classfile/systemDictionary.cpp, line 231]
Event: 31.588 Thread 0x00000275b4801800 Exception <a 'java/lang/ClassNotFoundException'{0x00000000a7a70fb8}: com/android/build/gradle/tasks/MergeResources_DecoratedCustomizer> (0x00000000a7a70fb8) thrown at [./src/hotspot/share/classfile/systemDictionary.cpp, line 231]
Event: 32.169 Thread 0x00000275b4801800 Exception <a 'java/lang/ClassNotFoundException'{0x00000000a6fc1b80}: com/google/android/gms/dependencies/DependencyAnalyzerBeanInfo> (0x00000000a6fc1b80) thrown at [./src/hotspot/share/classfile/systemDictionary.cpp, line 231]
Event: 32.170 Thread 0x00000275b4801800 Exception <a 'java/lang/ClassNotFoundException'{0x00000000a6fd4ca8}: com/google/android/gms/dependencies/DependencyAnalyzerCustomizer> (0x00000000a6fd4ca8) thrown at [./src/hotspot/share/classfile/systemDictionary.cpp, line 231]
Event: 32.197 Thread 0x00000275b4801800 Exception <a 'java/lang/ClassNotFoundException'{0x00000000a6e55260}: com/google/android/gms/dependencies/DependencyInspectorBeanInfo> (0x00000000a6e55260) thrown at [./src/hotspot/share/classfile/systemDictionary.cpp, line 231]
Event: 32.197 Thread 0x00000275b4801800 Exception <a 'java/lang/ClassNotFoundException'{0x00000000a6e68408}: com/google/android/gms/dependencies/DependencyInspectorCustomizer> (0x00000000a6e68408) thrown at [./src/hotspot/share/classfile/systemDictionary.cpp, line 231]
Event: 32.201 Thread 0x00000275b4801800 Exception <a 'java/lang/ClassNotFoundException'{0x00000000a6ec3698}: org/gradle/invocation/DefaultGradle_DecoratedBeanInfo> (0x00000000a6ec3698) thrown at [./src/hotspot/share/classfile/systemDictionary.cpp, line 231]
Event: 32.201 Thread 0x00000275b4801800 Exception <a 'java/lang/ClassNotFoundException'{0x00000000a6ed3068}: org/gradle/invocation/DefaultGradleBeanInfo> (0x00000000a6ed3068) thrown at [./src/hotspot/share/classfile/systemDictionary.cpp, line 231]
Event: 32.202 Thread 0x00000275b4801800 Exception <a 'java/lang/ClassNotFoundException'{0x00000000a6ee24b0}: org/gradle/invocation/DefaultGradleCustomizer> (0x00000000a6ee24b0) thrown at [./src/hotspot/share/classfile/systemDictionary.cpp, line 231]
Event: 32.204 Thread 0x00000275b4801800 Exception <a 'java/lang/ClassNotFoundException'{0x00000000a6d21838}: org/gradle/invocation/DefaultGradle_DecoratedCustomizer> (0x00000000a6d21838) thrown at [./src/hotspot/share/classfile/systemDictionary.cpp, line 231]
Event: 36.069 Thread 0x00000275b4801800 Exception <a 'java/lang/NullPointerException'{0x00000000a715c460}> (0x00000000a715c460) thrown at [./src/hotspot/share/interpreter/linkResolver.cpp, line 1440]
Event: 36.516 Thread 0x00000275b4801800 Implicit null exception at 0x00000275a66f3409 to 0x00000275a66f3ad4
Event: 36.729 Thread 0x00000275b4801800 Exception <a 'java/lang/NoSuchMethodError'{0x00000000a917f3c8}: 'int java.lang.invoke.DirectMethodHandle$Holder.invokeStatic(java.lang.Object, java.lang.Object, int, java.lang.Object)'> (0x00000000a917f3c8) thrown at [./src/hotspot/share/interpreter/linkResolver.cpp, line 773]
Event: 36.909 Thread 0x00000275b4801800 Implicit null exception at 0x000002759f311754 to 0x000002759f3143ea
Event: 36.909 Thread 0x00000275b4801800 Exception <a 'java/lang/NullPointerException'{0x00000000a8fbeae8}> (0x00000000a8fbeae8) thrown at [./src/hotspot/share/runtime/sharedRuntime.cpp, line 607]

Events (20 events):
Event: 39.504 loading class com/android/build/gradle/internal/core/VariantDslInfo
Event: 39.504 loading class com/android/build/gradle/internal/core/VariantDslInfo done
Event: 39.504 loading class com/android/build/gradle/internal/core/VariantDslInfo
Event: 39.504 loading class com/android/build/gradle/internal/core/VariantDslInfo done
Event: 39.504 loading class com/android/build/gradle/internal/core/VariantDslInfo
Event: 39.504 loading class com/android/build/gradle/internal/core/VariantDslInfo done
Event: 39.505 loading class com/android/build/gradle/internal/core/VariantDslInfo
Event: 39.505 loading class com/android/build/gradle/internal/core/VariantDslInfo done
Event: 39.505 loading class com/android/build/gradle/internal/core/VariantDslInfo
Event: 39.505 loading class com/android/build/gradle/internal/core/VariantDslInfo done
Event: 39.506 loading class com/android/build/gradle/internal/core/VariantDslInfo
Event: 39.506 loading class com/android/build/gradle/internal/core/VariantDslInfo done
Event: 39.545 loading class org/gradle/api/internal/artifacts/ivyservice/projectmodule/DefaultProjectLocalComponentProvider$1
Event: 39.545 loading class org/gradle/api/internal/artifacts/ivyservice/projectmodule/DefaultProjectLocalComponentProvider$1 done
Event: 39.550 Executing VM operation: G1CollectForAllocation
Event: 39.577 Executing VM operation: G1CollectForAllocation done
Event: 39.761 Executing VM operation: CGC_Operation
Event: 39.777 Executing VM operation: CGC_Operation done
Event: 39.895 Executing VM operation: CGC_Operation
Event: 39.895 Executing VM operation: CGC_Operation done


Dynamic libraries:
0x00007ff7687a0000 - 0x00007ff7687aa000 	C:\Program Files\Android\Android Studio\jre\bin\java.exe
0x00007ffe5d170000 - 0x00007ffe5d368000 	C:\Windows\SYSTEM32\ntdll.dll
0x00007ffe5bbb0000 - 0x00007ffe5bc6f000 	C:\Windows\System32\KERNEL32.DLL
0x00007ffe5ab40000 - 0x00007ffe5ae12000 	C:\Windows\System32\KERNELBASE.dll
0x00007ffe5aa40000 - 0x00007ffe5ab40000 	C:\Windows\System32\ucrtbase.dll
0x00007ffe44c40000 - 0x00007ffe44c57000 	C:\Program Files\Android\Android Studio\jre\bin\VCRUNTIME140.dll
0x00007ffe3fe90000 - 0x00007ffe3fea9000 	C:\Program Files\Android\Android Studio\jre\bin\jli.dll
0x00007ffe5b710000 - 0x00007ffe5b8b1000 	C:\Windows\System32\USER32.dll
0x00007ffe41340000 - 0x00007ffe415da000 	C:\Windows\WinSxS\amd64_microsoft.windows.common-controls_6595b64144ccf1df_6.0.19041.1110_none_60b5254171f9507e\COMCTL32.dll
0x00007ffe5aa10000 - 0x00007ffe5aa32000 	C:\Windows\System32\win32u.dll
0x00007ffe5bf90000 - 0x00007ffe5c02e000 	C:\Windows\System32\msvcrt.dll
0x00007ffe5c140000 - 0x00007ffe5c16b000 	C:\Windows\System32\GDI32.dll
0x00007ffe5ae20000 - 0x00007ffe5af2f000 	C:\Windows\System32\gdi32full.dll
0x00007ffe5a970000 - 0x00007ffe5aa0d000 	C:\Windows\System32\msvcp_win.dll
0x00007ffe5b920000 - 0x00007ffe5b952000 	C:\Windows\System32\IMM32.DLL
0x00007ffe3fdf0000 - 0x00007ffe3fe8d000 	C:\Program Files\Android\Android Studio\jre\bin\msvcp140.dll
0x00007ffe0e810000 - 0x00007ffe0f312000 	C:\Program Files\Android\Android Studio\jre\bin\server\jvm.dll
0x00007ffe5c940000 - 0x00007ffe5c9ee000 	C:\Windows\System32\ADVAPI32.dll
0x00007ffe5bd00000 - 0x00007ffe5bd9c000 	C:\Windows\System32\sechost.dll
0x00007ffe5ba80000 - 0x00007ffe5bba5000 	C:\Windows\System32\RPCRT4.dll
0x00007ffe5cf50000 - 0x00007ffe5cf58000 	C:\Windows\System32\PSAPI.DLL
0x00007ffe0e800000 - 0x00007ffe0e809000 	C:\Windows\SYSTEM32\WSOCK32.dll
0x00007ffe5b210000 - 0x00007ffe5b27b000 	C:\Windows\System32\WS2_32.dll
0x00007ffe3dbf0000 - 0x00007ffe3dc17000 	C:\Windows\SYSTEM32\WINMM.dll
0x00007ffe4c940000 - 0x00007ffe4c94a000 	C:\Windows\SYSTEM32\VERSION.dll
0x00007ffe58720000 - 0x00007ffe58732000 	C:\Windows\SYSTEM32\kernel.appcore.dll
0x00007ffe0e7e0000 - 0x00007ffe0e7f1000 	C:\Program Files\Android\Android Studio\jre\bin\verify.dll
0x00007ffe48690000 - 0x00007ffe48874000 	C:\Windows\SYSTEM32\DBGHELP.DLL
0x00007ffe48640000 - 0x00007ffe48675000 	C:\Windows\SYSTEM32\dbgcore.DLL
0x00007ffe5a8e0000 - 0x00007ffe5a962000 	C:\Windows\System32\bcryptPrimitives.dll
0x00007ffe0e7b0000 - 0x00007ffe0e7d9000 	C:\Program Files\Android\Android Studio\jre\bin\java.dll
0x00007ffe0e7a0000 - 0x00007ffe0e7ab000 	C:\Program Files\Android\Android Studio\jre\bin\jimage.dll
0x00007ffe0e780000 - 0x00007ffe0e798000 	C:\Program Files\Android\Android Studio\jre\bin\zip.dll
0x00007ffe5c1f0000 - 0x00007ffe5c934000 	C:\Windows\System32\SHELL32.dll
0x00007ffe58920000 - 0x00007ffe590b2000 	C:\Windows\SYSTEM32\windows.storage.dll
0x00007ffe5cb20000 - 0x00007ffe5ce75000 	C:\Windows\System32\combase.dll
0x00007ffe5a2c0000 - 0x00007ffe5a2f0000 	C:\Windows\SYSTEM32\Wldp.dll
0x00007ffe5c090000 - 0x00007ffe5c13d000 	C:\Windows\System32\SHCORE.dll
0x00007ffe5c030000 - 0x00007ffe5c085000 	C:\Windows\System32\shlwapi.dll
0x00007ffe5a7a0000 - 0x00007ffe5a7bf000 	C:\Windows\SYSTEM32\profapi.dll
0x00007ffe0e760000 - 0x00007ffe0e77a000 	C:\Program Files\Android\Android Studio\jre\bin\net.dll
0x00007ffe50560000 - 0x00007ffe5066c000 	C:\Windows\SYSTEM32\WINHTTP.dll
0x00007ffe5a020000 - 0x00007ffe5a08a000 	C:\Windows\system32\mswsock.dll
0x00007ffe0e740000 - 0x00007ffe0e754000 	C:\Program Files\Android\Android Studio\jre\bin\nio.dll
0x00007ffe53740000 - 0x00007ffe53766000 	C:\Users\Mido\.gradle\native\31\windows-amd64\native-platform.dll
0x00007ffe0e730000 - 0x00007ffe0e73a000 	C:\Program Files\Android\Android Studio\jre\bin\management.dll
0x00007ffe0e720000 - 0x00007ffe0e72d000 	C:\Program Files\Android\Android Studio\jre\bin\management_ext.dll
0x00007ffe5a210000 - 0x00007ffe5a228000 	C:\Windows\SYSTEM32\CRYPTSP.dll
0x00007ffe598d0000 - 0x00007ffe59904000 	C:\Windows\system32\rsaenh.dll
0x00007ffe5a8b0000 - 0x00007ffe5a8d7000 	C:\Windows\System32\bcrypt.dll
0x00007ffe5a720000 - 0x00007ffe5a74e000 	C:\Windows\SYSTEM32\USERENV.dll
0x00007ffe5a230000 - 0x00007ffe5a23c000 	C:\Windows\SYSTEM32\CRYPTBASE.dll
0x00007ffe59cc0000 - 0x00007ffe59cfb000 	C:\Windows\SYSTEM32\IPHLPAPI.DLL
0x00007ffe5d110000 - 0x00007ffe5d118000 	C:\Windows\System32\NSI.dll
0x00007ffe507f0000 - 0x00007ffe50807000 	C:\Windows\SYSTEM32\dhcpcsvc6.DLL
0x00007ffe50bb0000 - 0x00007ffe50bcd000 	C:\Windows\SYSTEM32\dhcpcsvc.DLL
0x00007ffe59d10000 - 0x00007ffe59dda000 	C:\Windows\SYSTEM32\DNSAPI.dll

dbghelp: loaded successfully - version: 4.0.5 - missing functions: none
symbol engine: initialized successfully - sym options: 0x614 - pdb path: .;C:\Program Files\Android\Android Studio\jre\bin;C:\Windows\SYSTEM32;C:\Windows\WinSxS\amd64_microsoft.windows.common-controls_6595b64144ccf1df_6.0.19041.1110_none_60b5254171f9507e;C:\Program Files\Android\Android Studio\jre\bin\server;C:\Users\Mido\.gradle\native\31\windows-amd64

VM Arguments:
jvm_args: --add-opens=java.base/java.util=ALL-UNNAMED --add-opens=java.base/java.lang=ALL-UNNAMED --add-opens=java.base/java.lang.invoke=ALL-UNNAMED --add-opens=java.prefs/java.util.prefs=ALL-UNNAMED -Xmx1536m -Dfile.encoding=windows-1252 -Duser.country=US -Duser.language=en -Duser.variant 
java_command: org.gradle.launcher.daemon.bootstrap.GradleDaemon 6.1.1
java_class_path (initial): C:\Users\Mido\.gradle\wrapper\dists\gradle-6.1.1-all\cfmwm155h49vnt3hynmlrsdst\gradle-6.1.1\lib\gradle-launcher-6.1.1.jar
Launcher Type: SUN_STANDARD

[Global flags]
     intx CICompilerCount                          = 3                                         {product} {ergonomic}
     uint ConcGCThreads                            = 1                                         {product} {ergonomic}
     uint G1ConcRefinementThreads                  = 4                                         {product} {ergonomic}
   size_t G1HeapRegionSize                         = 1048576                                   {product} {ergonomic}
    uintx GCDrainStackTargetSize                   = 64                                        {product} {ergonomic}
   size_t InitialHeapSize                          = 132120576                                 {product} {ergonomic}
   size_t MarkStackSize                            = 4194304                                   {product} {ergonomic}
   size_t MaxHeapSize                              = 1610612736                                {product} {command line}
   size_t MaxNewSize                               = 965738496                                 {product} {ergonomic}
   size_t MinHeapDeltaBytes                        = 1048576                                   {product} {ergonomic}
    uintx NonNMethodCodeHeapSize                   = 5830732                                {pd product} {ergonomic}
    uintx NonProfiledCodeHeapSize                  = 122913754                              {pd product} {ergonomic}
    uintx ProfiledCodeHeapSize                     = 122913754                              {pd product} {ergonomic}
    uintx ReservedCodeCacheSize                    = 251658240                              {pd product} {ergonomic}
     bool SegmentedCodeCache                       = true                                      {product} {ergonomic}
     bool UseCompressedClassPointers               = true                                 {lp64_product} {ergonomic}
     bool UseCompressedOops                        = true                                 {lp64_product} {ergonomic}
     bool UseG1GC                                  = true                                      {product} {ergonomic}
     bool UseLargePagesIndividualAllocation        = false                                  {pd product} {ergonomic}

Logging:
Log output configuration:
 #0: stdout all=warning uptime,level,tags
 #1: stderr all=off uptime,level,tags

Environment Variables:
PATH=C:\Windows\system32;C:\Windows;C:\Windows\System32\Wbem;C:\Windows\System32\WindowsPowerShell\v1.0\;C:\Windows\System32\OpenSSH\;C:\Program Files\dotnet\;C:\Program Files\Git\cmd;C:\Users\Mido\AppData\Local\Microsoft\WindowsApps;
USERNAME=Mido
OS=Windows_NT
PROCESSOR_IDENTIFIER=Intel64 Family 6 Model 37 Stepping 5, GenuineIntel



---------------  S Y S T E M  ---------------

OS: Windows 10 , 64 bit Build 19041 (10.0.19041.2364)
OS uptime: 0 days 2:26 hours

CPU:total 4 (initial active 4) (2 cores per cpu, 2 threads per core) family 6 model 37 stepping 5 microcode 0x7, cmov, cx8, fxsr, mmx, sse, sse2, sse3, ssse3, sse4.1, sse4.2, popcnt, ht, tsc, tscinvbit

Memory: 4k page, system-wide physical 7990M (340M free)
TotalPageFile size 16680M (AvailPageFile size 5M)
current process WorkingSet (physical memory assigned to process): 354M, peak: 356M
current process commit charge ("private bytes"): 390M, peak: 392M

vm_info: OpenJDK 64-Bit Server VM (11.0.13+0-b1751.21-8125866) for windows-amd64 JRE (11.0.13+0-b1751.21-8125866), built on Feb  2 2022 03:00:22 by "builder" with MS VC++ 14.0 (VS2015)

END.
